<?xml version="1.0" encoding="UTF-8"?>
<!-- Generated by org.testng.reporters.JUnitReportReporter -->
<testsuite hostname="DESKTOP-N2PRSIL" failures="0" tests="2" name="day3.HeadersDemo" time="3.693" errors="0" timestamp="2025-02-09T15:08:37 IST" skipped="0">
  <testcase classname="day3.HeadersDemo" name="testHeaders" time="2.912"/>
  <system-out/>
  <testcase classname="day3.HeadersDemo" name="GetHeaders" time="0.781"/>
  <system-out/>
</testsuite> <!-- day3.HeadersDemo -->
