<?xml version="1.0" encoding="UTF-8"?>
<!-- Generated by org.testng.reporters.JUnitReportReporter -->
<testsuite hostname="DESKTOP-N2PRSIL" failures="0" tests="1" name="day3.PathAndQueryParameter" time="1.984" errors="0" timestamp="2025-02-10T17:22:29 IST" skipped="0">
  <testcase classname="day3.PathAndQueryParameter" name="testQueryAndParameters" time="1.984"/>
  <system-out/>
</testsuite> <!-- day3.PathAndQueryParameter -->
