<?xml version="1.0" encoding="UTF-8"?>
<!-- Generated by org.testng.reporters.JUnitReportReporter -->
<testsuite hostname="DESKTOP-N2PRSIL" failures="0" tests="2" name="day2.DiffWaysToCreatePostRequestBody" time="3.933" errors="0" timestamp="2025-02-10T11:16:37 IST" skipped="0">
  <testcase classname="day2.DiffWaysToCreatePostRequestBody" name="testPostUsingJsonLibrary" time="3.426"/>
  <system-out/>
  <testcase classname="day2.DiffWaysToCreatePostRequestBody" name="testDelete" time="0.507"/>
  <system-out/>
</testsuite> <!-- day2.DiffWaysToCreatePostRequestBody -->
