<?xml version="1.0" encoding="UTF-8"?>
<!-- Generated by org.testng.reporters.JUnitReportReporter -->
<testsuite hostname="DESKTOP-N2PRSIL" failures="0" tests="1" name="day3.LoggingDemo" time="1.696" errors="0" timestamp="2025-02-09T15:17:42 IST" skipped="0">
  <testcase classname="day3.LoggingDemo" name="testlogs" time="1.696"/>
  <system-out/>
</testsuite> <!-- day3.LoggingDemo -->
