<?xml version="1.0" encoding="UTF-8"?>
<!-- Generated by org.testng.reporters.JUnitReportReporter -->
<testsuite hostname="DESKTOP-N2PRSIL" failures="0" tests="1" name="day3.CookiesDemo" time="2.567" errors="0" timestamp="2025-02-09T14:43:20 IST" skipped="0">
  <testcase classname="day3.CookiesDemo" name="testCookiesinfo" time="2.567"/>
  <system-out/>
</testsuite> <!-- day3.CookiesDemo -->
