<?xml version="1.0" encoding="UTF-8"?>
<!-- Generated by org.testng.reporters.JUnitReportReporter -->
<testsuite hostname="DESKTOP-N2PRSIL" failures="0" tests="4" name="day1.HTTPRequests" time="4.346" errors="0" timestamp="2025-02-10T11:36:14 IST" skipped="0">
  <testcase classname="day1.HTTPRequests" name="getUser" time="2.663"/>
  <system-out/>
  <testcase classname="day1.HTTPRequests" name="createUsers" time="0.809"/>
  <system-out/>
  <testcase classname="day1.HTTPRequests" name="UpdateUser" time="0.426"/>
  <system-out/>
  <testcase classname="day1.HTTPRequests" name="DeleteUsers" time="0.448"/>
  <system-out/>
</testsuite> <!-- day1.HTTPRequests -->
