<?xml version="1.0" encoding="UTF-8"?>
<!-- Generated by org.testng.reporters.JUnitReportReporter -->
<testsuite hostname="DESKTOP-N2PRSIL" failures="0" tests="4" name="day1.HTTPRequests1" time="5.044" errors="0" timestamp="2025-02-10T21:55:39 IST" skipped="0">
  <testcase classname="day1.HTTPRequests1" name="GetUser" time="3.089"/>
  <system-out/>
  <testcase classname="day1.HTTPRequests1" name="CreateUser" time="1.002"/>
  <system-out/>
  <testcase classname="day1.HTTPRequests1" name="UpdateUser" time="0.449"/>
  <system-out/>
  <testcase classname="day1.HTTPRequests1" name="DeleteUser" time="0.504"/>
  <system-out/>
</testsuite> <!-- day1.HTTPRequests1 -->
