<?xml version="1.0" encoding="UTF-8"?>
<!-- Generated by org.testng.reporters.JUnitReportReporter -->
<testsuite hostname="DESKTOP-N2PRSIL" failures="0" tests="3" name="day1.HTTPSLocalHost" time="3.160" errors="0" timestamp="2025-02-11T17:03:01 IST" skipped="0">
  <testcase classname="day1.HTTPSLocalHost" name="GetRequest" time="1.946"/>
  <system-out/>
  <testcase classname="day1.HTTPSLocalHost" name="CreateUser" time="1.189"/>
  <system-out/>
  <testcase classname="day1.HTTPSLocalHost" name="DeleteUser" time="0.025"/>
  <system-out/>
</testsuite> <!-- day1.HTTPSLocalHost -->
