<?xml version="1.0" encoding="UTF-8"?>
<!-- Generated by org.testng.reporters.JUnitReportReporter -->
<testsuite hostname="DESKTOP-N2PRSIL" failures="0" tests="4" name="day1.RequestPractice" time="4.221" errors="0" timestamp="2025-02-10T13:19:57 IST" skipped="0">
  <testcase classname="day1.RequestPractice" name="GetUsers" time="2.030"/>
  <system-out/>
  <testcase classname="day1.RequestPractice" name="POST" time="1.294"/>
  <system-out/>
  <testcase classname="day1.RequestPractice" name="UpdateUser" time="0.433"/>
  <system-out/>
  <testcase classname="day1.RequestPractice" name="DeleteUser" time="0.464"/>
  <system-out/>
</testsuite> <!-- day1.RequestPractice -->
