<?xml version="1.0" encoding="UTF-8"?>
<!-- Generated by org.testng.reporters.JUnitReportReporter -->
<testsuite hostname="DESKTOP-N2PRSIL" failures="0" tests="1" name="day3.PathAndQueryParameter2" time="2.354" errors="0" timestamp="2025-02-10T10:06:47 IST" skipped="0">
  <testcase classname="day3.PathAndQueryParameter2" name="testQueryandpath" time="2.354"/>
  <system-out/>
</testsuite> <!-- day3.PathAndQueryParameter2 -->
